빌드 시작: 2020-04-25 오후 2:58:29
2 노드의 "C:\Documents and Settings\Administrator\My Documents\Visual Studio 2010\Projects\20163231\20163231\20163231.vcxproj" 프로젝트(build 대상)입니다.
InitializeBuildStatus:
  "Debug\20163231.unsuccessfulbuild"에 연결(touching)하고 있습니다.
ClCompile:
  모든 출력이 최신 상태입니다.
ManifestResourceCompile:
  모든 출력이 최신 상태입니다.
Link:
  C:\Program Files\Microsoft Visual Studio 10.0\VC\bin\link.exe /ERRORREPORT:PROMPT /OUT:"C:\Documents and Settings\Administrator\My Documents\Visual Studio 2010\Projects\20163231\Debug\20163231.exe" /INCREMENTAL /NOLOGO kernel32.lib user32.lib gdi32.lib winspool.lib comdlg32.lib advapi32.lib shell32.lib ole32.lib oleaut32.lib uuid.lib odbc32.lib odbccp32.lib /MANIFEST /ManifestFile:"Debug\20163231.exe.intermediate.manifest" /MANIFESTUAC:"level='asInvoker' uiAccess='false'" /DEBUG /PDB:"C:\Documents and Settings\Administrator\My Documents\Visual Studio 2010\Projects\20163231\Debug\20163231.pdb" /SUBSYSTEM:CONSOLE /TLBID:1 /DYNAMICBASE /NXCOMPAT /IMPLIB:"C:\Documents and Settings\Administrator\My Documents\Visual Studio 2010\Projects\20163231\Debug\20163231.lib" /MACHINE:X86 Debug\20163231.exe.embed.manifest.res
  Debug\main.obj
Manifest:
  C:\Program Files\Microsoft SDKs\Windows\v7.0A\bin\mt.exe /nologo /verbose /out:"Debug\20163231.exe.embed.manifest" /manifest Debug\20163231.exe.intermediate.manifest
  모든 출력이 최신 상태입니다.
LinkEmbedManifest:
  모든 출력이 최신 상태입니다.
  20163231.vcxproj -> C:\Documents and Settings\Administrator\My Documents\Visual Studio 2010\Projects\20163231\Debug\20163231.exe
FinalizeBuildStatus:
  "Debug\20163231.unsuccessfulbuild" 파일을 삭제하고 있습니다.
  "Debug\20163231.lastbuildstate"에 연결(touching)하고 있습니다.
"C:\Documents and Settings\Administrator\My Documents\Visual Studio 2010\Projects\20163231\20163231\20163231.vcxproj" 프로젝트를 빌드했습니다(build 대상).

빌드했습니다.

경과 시간: 00:00:03.72
